<?xml version="1.0" encoding="UTF-8"?>
<testng-results skipped="0" failed="0" ignored="0" total="1" passed="1">
  <reporter-output>
  </reporter-output>
  <suite name="Default suite" duration-ms="41151" started-at="2021-11-03T01:16:41Z" finished-at="2021-11-03T01:17:22Z">
    <groups>
    </groups>
    <test name="Default test" duration-ms="41151" started-at="2021-11-03T01:16:41Z" finished-at="2021-11-03T01:17:22Z">
      <class name="com.fest.AssertionTest">
        <test-method status="PASS" signature="joinPage()[pri:0, instance:com.fest.AssertionTest@5e5792a0]" name="joinPage" duration-ms="41112" started-at="2021-11-03T01:16:41Z" finished-at="2021-11-03T01:17:22Z">
          <reporter-output>
          </reporter-output>
        </test-method> <!-- joinPage -->
      </class> <!-- com.fest.AssertionTest -->
    </test> <!-- Default test -->
  </suite> <!-- Default suite -->
</testng-results>
